2025-11-28T15:19:20.100+01:00  INFO 306163 --- [projet_Ntousse_tadiha_vanisco] [restartedMain] .p.ProjetNtousseTadihaVaniscoApplication : Starting ProjetNtousseTadihaVaniscoApplication using Java 23.0.2 with PID 306163 (/home/vanisco/IdeaProjects/projet_Ntousse_tadiha_vanisco/target/classes started by vanisco in /home/vanisco/IdeaProjects/projet_Ntousse_tadiha_vanisco)
2025-11-28T15:19:20.101+01:00  INFO 306163 --- [projet_Ntousse_tadiha_vanisco] [restartedMain] .p.ProjetNtousseTadihaVaniscoApplication : No active profile set, falling back to 1 default profile: "default"
2025-11-28T15:19:20.664+01:00  INFO 306163 --- [projet_Ntousse_tadiha_vanisco] [restartedMain] o.apache.catalina.core.StandardService   : Starting service [Tomcat]
2025-11-28T15:19:20.665+01:00  INFO 306163 --- [projet_Ntousse_tadiha_vanisco] [restartedMain] o.apache.catalina.core.StandardEngine    : Starting Servlet engine: [Apache Tomcat/10.1.49]
2025-11-28T15:19:20.678+01:00  INFO 306163 --- [projet_Ntousse_tadiha_vanisco] [restartedMain] o.a.c.c.C.[Tomcat].[localhost].[/]       : Initializing Spring embedded WebApplicationContext
2025-11-28T15:19:20.917+01:00  INFO 306163 --- [projet_Ntousse_tadiha_vanisco] [restartedMain] com.zaxxer.hikari.HikariDataSource       : HikariPool-1 - Starting...
2025-11-28T15:19:20.994+01:00  INFO 306163 --- [projet_Ntousse_tadiha_vanisco] [restartedMain] com.zaxxer.hikari.pool.HikariPool        : HikariPool-1 - Added connection conn0: url=jdbc:h2:mem:bankdb user=SA
2025-11-28T15:19:20.995+01:00  INFO 306163 --- [projet_Ntousse_tadiha_vanisco] [restartedMain] com.zaxxer.hikari.HikariDataSource       : HikariPool-1 - Start completed.
2025-11-28T15:19:21.006+01:00  WARN 306163 --- [projet_Ntousse_tadiha_vanisco] [restartedMain] org.hibernate.orm.deprecation            : HHH90000025: H2Dialect does not need to be specified explicitly using 'hibernate.dialect' (remove the property setting and it will be selected by default)
2025-11-28T15:19:21.643+01:00  WARN 306163 --- [projet_Ntousse_tadiha_vanisco] [restartedMain] JpaBaseConfiguration$JpaWebConfiguration : spring.jpa.open-in-view is enabled by default. Therefore, database queries may be performed during view rendering. Explicitly configure spring.jpa.open-in-view to disable this warning
2025-11-28T15:19:21.822+01:00  INFO 306163 --- [projet_Ntousse_tadiha_vanisco] [restartedMain] .p.ProjetNtousseTadihaVaniscoApplication : Started ProjetNtousseTadihaVaniscoApplication in 1.921 seconds (process running for 2.256)
2025-11-28T15:19:49.728+01:00  INFO 306163 --- [projet_Ntousse_tadiha_vanisco] [http-nio-8080-exec-2] o.a.c.c.C.[Tomcat].[localhost].[/]       : Initializing Spring DispatcherServlet 'dispatcherServlet'
2025-11-28T15:19:49.749+01:00  INFO 306163 --- [projet_Ntousse_tadiha_vanisco] [http-nio-8080-exec-2] virement-log                             : TENTATIVE VIREMENT - Source: CC001, Destination: CC002, Montant: 100.0
2025-11-28T15:19:49.770+01:00  INFO 306163 --- [projet_Ntousse_tadiha_vanisco] [http-nio-8080-exec-2] virement-log                             : VIREMENT RÉUSSI - Source: CC001, Destination: CC002, Montant: 100.0, Durée: 20ms
2025-11-28T15:26:58.795+01:00  WARN 306163 --- [projet_Ntousse_tadiha_vanisco] [Thread-5] o.s.b.f.support.DisposableBeanAdapter    : Invocation of destroy method failed on bean with name 'inMemoryDatabaseShutdownExecutor': org.h2.jdbc.JdbcSQLNonTransientConnectionException: Database is already closed (to disable automatic closing at VM shutdown, add ";DB_CLOSE_ON_EXIT=FALSE" to the db URL) [90121-232]
2025-11-28T15:26:58.796+01:00  INFO 306163 --- [projet_Ntousse_tadiha_vanisco] [Thread-5] com.zaxxer.hikari.HikariDataSource       : HikariPool-1 - Shutdown initiated...
2025-11-28T15:26:58.798+01:00  INFO 306163 --- [projet_Ntousse_tadiha_vanisco] [Thread-5] com.zaxxer.hikari.HikariDataSource       : HikariPool-1 - Shutdown completed.
2025-11-28T15:26:58.883+01:00  INFO 306163 --- [projet_Ntousse_tadiha_vanisco] [restartedMain] .p.ProjetNtousseTadihaVaniscoApplication : Starting ProjetNtousseTadihaVaniscoApplication using Java 23.0.2 with PID 306163 (/home/vanisco/IdeaProjects/projet_Ntousse_tadiha_vanisco/target/classes started by vanisco in /home/vanisco/IdeaProjects/projet_Ntousse_tadiha_vanisco)
2025-11-28T15:26:58.883+01:00  INFO 306163 --- [projet_Ntousse_tadiha_vanisco] [restartedMain] .p.ProjetNtousseTadihaVaniscoApplication : No active profile set, falling back to 1 default profile: "default"
2025-11-28T15:26:59.003+01:00  INFO 306163 --- [projet_Ntousse_tadiha_vanisco] [restartedMain] o.apache.catalina.core.StandardService   : Starting service [Tomcat]
2025-11-28T15:26:59.004+01:00  INFO 306163 --- [projet_Ntousse_tadiha_vanisco] [restartedMain] o.apache.catalina.core.StandardEngine    : Starting Servlet engine: [Apache Tomcat/10.1.49]
2025-11-28T15:26:59.008+01:00  INFO 306163 --- [projet_Ntousse_tadiha_vanisco] [restartedMain] o.a.c.c.C.[Tomcat].[localhost].[/]       : Initializing Spring embedded WebApplicationContext
2025-11-28T15:26:59.044+01:00  INFO 306163 --- [projet_Ntousse_tadiha_vanisco] [restartedMain] com.zaxxer.hikari.HikariDataSource       : HikariPool-2 - Starting...
2025-11-28T15:26:59.055+01:00  INFO 306163 --- [projet_Ntousse_tadiha_vanisco] [restartedMain] com.zaxxer.hikari.pool.HikariPool        : HikariPool-2 - Added connection conn10: url=jdbc:h2:mem:bankdb user=SA
2025-11-28T15:26:59.055+01:00  INFO 306163 --- [projet_Ntousse_tadiha_vanisco] [restartedMain] com.zaxxer.hikari.HikariDataSource       : HikariPool-2 - Start completed.
2025-11-28T15:26:59.057+01:00  WARN 306163 --- [projet_Ntousse_tadiha_vanisco] [restartedMain] org.hibernate.orm.deprecation            : HHH90000025: H2Dialect does not need to be specified explicitly using 'hibernate.dialect' (remove the property setting and it will be selected by default)
2025-11-28T15:26:59.184+01:00  WARN 306163 --- [projet_Ntousse_tadiha_vanisco] [restartedMain] JpaBaseConfiguration$JpaWebConfiguration : spring.jpa.open-in-view is enabled by default. Therefore, database queries may be performed during view rendering. Explicitly configure spring.jpa.open-in-view to disable this warning
2025-11-28T15:26:59.259+01:00  INFO 306163 --- [projet_Ntousse_tadiha_vanisco] [restartedMain] .p.ProjetNtousseTadihaVaniscoApplication : Started ProjetNtousseTadihaVaniscoApplication in 0.4 seconds (process running for 459.694)
2025-11-28T15:27:08.675+01:00  WARN 306163 --- [projet_Ntousse_tadiha_vanisco] [Thread-7] o.s.b.f.support.DisposableBeanAdapter    : Invocation of destroy method failed on bean with name 'inMemoryDatabaseShutdownExecutor': org.h2.jdbc.JdbcSQLNonTransientConnectionException: Database is already closed (to disable automatic closing at VM shutdown, add ";DB_CLOSE_ON_EXIT=FALSE" to the db URL) [90121-232]
2025-11-28T15:27:08.675+01:00  INFO 306163 --- [projet_Ntousse_tadiha_vanisco] [Thread-7] com.zaxxer.hikari.HikariDataSource       : HikariPool-2 - Shutdown initiated...
2025-11-28T15:27:08.676+01:00  INFO 306163 --- [projet_Ntousse_tadiha_vanisco] [Thread-7] com.zaxxer.hikari.HikariDataSource       : HikariPool-2 - Shutdown completed.
2025-11-28T15:27:08.729+01:00  INFO 306163 --- [projet_Ntousse_tadiha_vanisco] [restartedMain] .p.ProjetNtousseTadihaVaniscoApplication : Starting ProjetNtousseTadihaVaniscoApplication using Java 23.0.2 with PID 306163 (/home/vanisco/IdeaProjects/projet_Ntousse_tadiha_vanisco/target/classes started by vanisco in /home/vanisco/IdeaProjects/projet_Ntousse_tadiha_vanisco)
2025-11-28T15:27:08.729+01:00  INFO 306163 --- [projet_Ntousse_tadiha_vanisco] [restartedMain] .p.ProjetNtousseTadihaVaniscoApplication : No active profile set, falling back to 1 default profile: "default"
2025-11-28T15:27:08.829+01:00  INFO 306163 --- [projet_Ntousse_tadiha_vanisco] [restartedMain] o.apache.catalina.core.StandardService   : Starting service [Tomcat]
2025-11-28T15:27:08.830+01:00  INFO 306163 --- [projet_Ntousse_tadiha_vanisco] [restartedMain] o.apache.catalina.core.StandardEngine    : Starting Servlet engine: [Apache Tomcat/10.1.49]
2025-11-28T15:27:08.833+01:00  INFO 306163 --- [projet_Ntousse_tadiha_vanisco] [restartedMain] o.a.c.c.C.[Tomcat].[localhost].[/]       : Initializing Spring embedded WebApplicationContext
2025-11-28T15:27:08.859+01:00  INFO 306163 --- [projet_Ntousse_tadiha_vanisco] [restartedMain] com.zaxxer.hikari.HikariDataSource       : HikariPool-3 - Starting...
2025-11-28T15:27:08.860+01:00  INFO 306163 --- [projet_Ntousse_tadiha_vanisco] [restartedMain] com.zaxxer.hikari.pool.HikariPool        : HikariPool-3 - Added connection conn20: url=jdbc:h2:mem:bankdb user=SA
2025-11-28T15:27:08.860+01:00  INFO 306163 --- [projet_Ntousse_tadiha_vanisco] [restartedMain] com.zaxxer.hikari.HikariDataSource       : HikariPool-3 - Start completed.
2025-11-28T15:27:08.860+01:00  WARN 306163 --- [projet_Ntousse_tadiha_vanisco] [restartedMain] org.hibernate.orm.deprecation            : HHH90000025: H2Dialect does not need to be specified explicitly using 'hibernate.dialect' (remove the property setting and it will be selected by default)
2025-11-28T15:27:08.980+01:00  WARN 306163 --- [projet_Ntousse_tadiha_vanisco] [restartedMain] JpaBaseConfiguration$JpaWebConfiguration : spring.jpa.open-in-view is enabled by default. Therefore, database queries may be performed during view rendering. Explicitly configure spring.jpa.open-in-view to disable this warning
2025-11-28T15:27:09.038+01:00  INFO 306163 --- [projet_Ntousse_tadiha_vanisco] [restartedMain] .p.ProjetNtousseTadihaVaniscoApplication : Started ProjetNtousseTadihaVaniscoApplication in 0.318 seconds (process running for 469.473)
2025-11-28T15:28:33.534+01:00  WARN 306163 --- [projet_Ntousse_tadiha_vanisco] [Thread-12] o.s.b.f.support.DisposableBeanAdapter    : Invocation of destroy method failed on bean with name 'inMemoryDatabaseShutdownExecutor': org.h2.jdbc.JdbcSQLNonTransientConnectionException: Database is already closed (to disable automatic closing at VM shutdown, add ";DB_CLOSE_ON_EXIT=FALSE" to the db URL) [90121-232]
2025-11-28T15:28:33.535+01:00  INFO 306163 --- [projet_Ntousse_tadiha_vanisco] [Thread-12] com.zaxxer.hikari.HikariDataSource       : HikariPool-3 - Shutdown initiated...
2025-11-28T15:28:33.536+01:00  INFO 306163 --- [projet_Ntousse_tadiha_vanisco] [Thread-12] com.zaxxer.hikari.HikariDataSource       : HikariPool-3 - Shutdown completed.
2025-11-28T15:28:33.610+01:00  INFO 306163 --- [projet_Ntousse_tadiha_vanisco] [restartedMain] .p.ProjetNtousseTadihaVaniscoApplication : Starting ProjetNtousseTadihaVaniscoApplication using Java 23.0.2 with PID 306163 (/home/vanisco/IdeaProjects/projet_Ntousse_tadiha_vanisco/target/classes started by vanisco in /home/vanisco/IdeaProjects/projet_Ntousse_tadiha_vanisco)
2025-11-28T15:28:33.610+01:00  INFO 306163 --- [projet_Ntousse_tadiha_vanisco] [restartedMain] .p.ProjetNtousseTadihaVaniscoApplication : No active profile set, falling back to 1 default profile: "default"
2025-11-28T15:28:33.696+01:00  INFO 306163 --- [projet_Ntousse_tadiha_vanisco] [restartedMain] o.apache.catalina.core.StandardService   : Starting service [Tomcat]
2025-11-28T15:28:33.696+01:00  INFO 306163 --- [projet_Ntousse_tadiha_vanisco] [restartedMain] o.apache.catalina.core.StandardEngine    : Starting Servlet engine: [Apache Tomcat/10.1.49]
2025-11-28T15:28:33.699+01:00  INFO 306163 --- [projet_Ntousse_tadiha_vanisco] [restartedMain] o.a.c.c.C.[Tomcat].[localhost].[/]       : Initializing Spring embedded WebApplicationContext
2025-11-28T15:28:33.723+01:00  INFO 306163 --- [projet_Ntousse_tadiha_vanisco] [restartedMain] com.zaxxer.hikari.HikariDataSource       : HikariPool-4 - Starting...
2025-11-28T15:28:33.725+01:00  INFO 306163 --- [projet_Ntousse_tadiha_vanisco] [restartedMain] com.zaxxer.hikari.pool.HikariPool        : HikariPool-4 - Added connection conn30: url=jdbc:h2:mem:bankdb user=SA
2025-11-28T15:28:33.725+01:00  INFO 306163 --- [projet_Ntousse_tadiha_vanisco] [restartedMain] com.zaxxer.hikari.HikariDataSource       : HikariPool-4 - Start completed.
2025-11-28T15:28:33.732+01:00  WARN 306163 --- [projet_Ntousse_tadiha_vanisco] [restartedMain] org.hibernate.orm.deprecation            : HHH90000025: H2Dialect does not need to be specified explicitly using 'hibernate.dialect' (remove the property setting and it will be selected by default)
2025-11-28T15:28:33.852+01:00  WARN 306163 --- [projet_Ntousse_tadiha_vanisco] [restartedMain] JpaBaseConfiguration$JpaWebConfiguration : spring.jpa.open-in-view is enabled by default. Therefore, database queries may be performed during view rendering. Explicitly configure spring.jpa.open-in-view to disable this warning
2025-11-28T15:28:33.921+01:00  INFO 306163 --- [projet_Ntousse_tadiha_vanisco] [restartedMain] .p.ProjetNtousseTadihaVaniscoApplication : Started ProjetNtousseTadihaVaniscoApplication in 0.325 seconds (process running for 554.356)
2025-11-28T15:28:58.353+01:00  WARN 306163 --- [projet_Ntousse_tadiha_vanisco] [Thread-16] o.s.b.f.support.DisposableBeanAdapter    : Invocation of destroy method failed on bean with name 'inMemoryDatabaseShutdownExecutor': org.h2.jdbc.JdbcSQLNonTransientConnectionException: Database is already closed (to disable automatic closing at VM shutdown, add ";DB_CLOSE_ON_EXIT=FALSE" to the db URL) [90121-232]
2025-11-28T15:28:58.354+01:00  INFO 306163 --- [projet_Ntousse_tadiha_vanisco] [Thread-16] com.zaxxer.hikari.HikariDataSource       : HikariPool-4 - Shutdown initiated...
2025-11-28T15:28:58.355+01:00  INFO 306163 --- [projet_Ntousse_tadiha_vanisco] [Thread-16] com.zaxxer.hikari.HikariDataSource       : HikariPool-4 - Shutdown completed.
2025-11-28T15:28:58.415+01:00  INFO 306163 --- [projet_Ntousse_tadiha_vanisco] [restartedMain] .p.ProjetNtousseTadihaVaniscoApplication : Starting ProjetNtousseTadihaVaniscoApplication using Java 23.0.2 with PID 306163 (/home/vanisco/IdeaProjects/projet_Ntousse_tadiha_vanisco/target/classes started by vanisco in /home/vanisco/IdeaProjects/projet_Ntousse_tadiha_vanisco)
2025-11-28T15:28:58.415+01:00  INFO 306163 --- [projet_Ntousse_tadiha_vanisco] [restartedMain] .p.ProjetNtousseTadihaVaniscoApplication : No active profile set, falling back to 1 default profile: "default"
2025-11-28T15:28:58.499+01:00  INFO 306163 --- [projet_Ntousse_tadiha_vanisco] [restartedMain] o.apache.catalina.core.StandardService   : Starting service [Tomcat]
2025-11-28T15:28:58.499+01:00  INFO 306163 --- [projet_Ntousse_tadiha_vanisco] [restartedMain] o.apache.catalina.core.StandardEngine    : Starting Servlet engine: [Apache Tomcat/10.1.49]
2025-11-28T15:28:58.502+01:00  INFO 306163 --- [projet_Ntousse_tadiha_vanisco] [restartedMain] o.a.c.c.C.[Tomcat].[localhost].[/]       : Initializing Spring embedded WebApplicationContext
2025-11-28T15:28:58.534+01:00  INFO 306163 --- [projet_Ntousse_tadiha_vanisco] [restartedMain] com.zaxxer.hikari.HikariDataSource       : HikariPool-5 - Starting...
2025-11-28T15:28:58.537+01:00  INFO 306163 --- [projet_Ntousse_tadiha_vanisco] [restartedMain] com.zaxxer.hikari.pool.HikariPool        : HikariPool-5 - Added connection conn40: url=jdbc:h2:mem:bankdb user=SA
2025-11-28T15:28:58.538+01:00  INFO 306163 --- [projet_Ntousse_tadiha_vanisco] [restartedMain] com.zaxxer.hikari.HikariDataSource       : HikariPool-5 - Start completed.
2025-11-28T15:28:58.538+01:00  WARN 306163 --- [projet_Ntousse_tadiha_vanisco] [restartedMain] org.hibernate.orm.deprecation            : HHH90000025: H2Dialect does not need to be specified explicitly using 'hibernate.dialect' (remove the property setting and it will be selected by default)
2025-11-28T15:28:58.625+01:00  WARN 306163 --- [projet_Ntousse_tadiha_vanisco] [restartedMain] JpaBaseConfiguration$JpaWebConfiguration : spring.jpa.open-in-view is enabled by default. Therefore, database queries may be performed during view rendering. Explicitly configure spring.jpa.open-in-view to disable this warning
2025-11-28T15:28:58.675+01:00  INFO 306163 --- [projet_Ntousse_tadiha_vanisco] [restartedMain] .p.ProjetNtousseTadihaVaniscoApplication : Started ProjetNtousseTadihaVaniscoApplication in 0.273 seconds (process running for 579.109)
2025-11-28T15:30:49.202+01:00  WARN 306163 --- [projet_Ntousse_tadiha_vanisco] [Thread-20] o.s.b.f.support.DisposableBeanAdapter    : Invocation of destroy method failed on bean with name 'inMemoryDatabaseShutdownExecutor': org.h2.jdbc.JdbcSQLNonTransientConnectionException: Database is already closed (to disable automatic closing at VM shutdown, add ";DB_CLOSE_ON_EXIT=FALSE" to the db URL) [90121-232]
2025-11-28T15:30:49.203+01:00  INFO 306163 --- [projet_Ntousse_tadiha_vanisco] [Thread-20] com.zaxxer.hikari.HikariDataSource       : HikariPool-5 - Shutdown initiated...
2025-11-28T15:30:49.204+01:00  INFO 306163 --- [projet_Ntousse_tadiha_vanisco] [Thread-20] com.zaxxer.hikari.HikariDataSource       : HikariPool-5 - Shutdown completed.
2025-11-28T15:30:49.284+01:00  INFO 306163 --- [projet_Ntousse_tadiha_vanisco] [restartedMain] .p.ProjetNtousseTadihaVaniscoApplication : Starting ProjetNtousseTadihaVaniscoApplication using Java 23.0.2 with PID 306163 (/home/vanisco/IdeaProjects/projet_Ntousse_tadiha_vanisco/target/classes started by vanisco in /home/vanisco/IdeaProjects/projet_Ntousse_tadiha_vanisco)
2025-11-28T15:30:49.284+01:00  INFO 306163 --- [projet_Ntousse_tadiha_vanisco] [restartedMain] .p.ProjetNtousseTadihaVaniscoApplication : No active profile set, falling back to 1 default profile: "default"
2025-11-28T15:30:49.371+01:00  INFO 306163 --- [projet_Ntousse_tadiha_vanisco] [restartedMain] o.apache.catalina.core.StandardService   : Starting service [Tomcat]
2025-11-28T15:30:49.371+01:00  INFO 306163 --- [projet_Ntousse_tadiha_vanisco] [restartedMain] o.apache.catalina.core.StandardEngine    : Starting Servlet engine: [Apache Tomcat/10.1.49]
2025-11-28T15:30:49.375+01:00  INFO 306163 --- [projet_Ntousse_tadiha_vanisco] [restartedMain] o.a.c.c.C.[Tomcat].[localhost].[/]       : Initializing Spring embedded WebApplicationContext
2025-11-28T15:30:49.398+01:00  INFO 306163 --- [projet_Ntousse_tadiha_vanisco] [restartedMain] com.zaxxer.hikari.HikariDataSource       : HikariPool-6 - Starting...
2025-11-28T15:30:49.406+01:00  INFO 306163 --- [projet_Ntousse_tadiha_vanisco] [restartedMain] com.zaxxer.hikari.pool.HikariPool        : HikariPool-6 - Added connection conn50: url=jdbc:h2:mem:bankdb user=SA
2025-11-28T15:30:49.406+01:00  INFO 306163 --- [projet_Ntousse_tadiha_vanisco] [restartedMain] com.zaxxer.hikari.HikariDataSource       : HikariPool-6 - Start completed.
2025-11-28T15:30:49.408+01:00  WARN 306163 --- [projet_Ntousse_tadiha_vanisco] [restartedMain] org.hibernate.orm.deprecation            : HHH90000025: H2Dialect does not need to be specified explicitly using 'hibernate.dialect' (remove the property setting and it will be selected by default)
2025-11-28T15:30:49.516+01:00  WARN 306163 --- [projet_Ntousse_tadiha_vanisco] [restartedMain] JpaBaseConfiguration$JpaWebConfiguration : spring.jpa.open-in-view is enabled by default. Therefore, database queries may be performed during view rendering. Explicitly configure spring.jpa.open-in-view to disable this warning
2025-11-28T15:30:49.590+01:00  INFO 306163 --- [projet_Ntousse_tadiha_vanisco] [restartedMain] .p.ProjetNtousseTadihaVaniscoApplication : Started ProjetNtousseTadihaVaniscoApplication in 0.323 seconds (process running for 690.024)
2025-11-28T15:31:07.527+01:00  WARN 306163 --- [projet_Ntousse_tadiha_vanisco] [SpringApplicationShutdownHook] o.s.b.f.support.DisposableBeanAdapter    : Invocation of destroy method failed on bean with name 'inMemoryDatabaseShutdownExecutor': org.h2.jdbc.JdbcSQLNonTransientConnectionException: Database is already closed (to disable automatic closing at VM shutdown, add ";DB_CLOSE_ON_EXIT=FALSE" to the db URL) [90121-232]
2025-11-28T15:31:07.528+01:00  INFO 306163 --- [projet_Ntousse_tadiha_vanisco] [SpringApplicationShutdownHook] com.zaxxer.hikari.HikariDataSource       : HikariPool-6 - Shutdown initiated...
2025-11-28T15:31:07.528+01:00  INFO 306163 --- [projet_Ntousse_tadiha_vanisco] [SpringApplicationShutdownHook] com.zaxxer.hikari.HikariDataSource       : HikariPool-6 - Shutdown completed.
2025-11-28T15:31:09.321+01:00  INFO 309232 --- [projet_Ntousse_tadiha_vanisco] [restartedMain] .p.ProjetNtousseTadihaVaniscoApplication : Starting ProjetNtousseTadihaVaniscoApplication using Java 23.0.2 with PID 309232 (/home/vanisco/IdeaProjects/projet_Ntousse_tadiha_vanisco/target/classes started by vanisco in /home/vanisco/IdeaProjects/projet_Ntousse_tadiha_vanisco)
2025-11-28T15:31:09.323+01:00  INFO 309232 --- [projet_Ntousse_tadiha_vanisco] [restartedMain] .p.ProjetNtousseTadihaVaniscoApplication : No active profile set, falling back to 1 default profile: "default"
2025-11-28T15:31:10.069+01:00  INFO 309232 --- [projet_Ntousse_tadiha_vanisco] [restartedMain] o.apache.catalina.core.StandardService   : Starting service [Tomcat]
2025-11-28T15:31:10.069+01:00  INFO 309232 --- [projet_Ntousse_tadiha_vanisco] [restartedMain] o.apache.catalina.core.StandardEngine    : Starting Servlet engine: [Apache Tomcat/10.1.49]
2025-11-28T15:31:10.083+01:00  INFO 309232 --- [projet_Ntousse_tadiha_vanisco] [restartedMain] o.a.c.c.C.[Tomcat].[localhost].[/]       : Initializing Spring embedded WebApplicationContext
2025-11-28T15:31:10.340+01:00  INFO 309232 --- [projet_Ntousse_tadiha_vanisco] [restartedMain] com.zaxxer.hikari.HikariDataSource       : HikariPool-1 - Starting...
2025-11-28T15:31:10.417+01:00  INFO 309232 --- [projet_Ntousse_tadiha_vanisco] [restartedMain] com.zaxxer.hikari.pool.HikariPool        : HikariPool-1 - Added connection conn0: url=jdbc:h2:mem:bankdb user=SA
2025-11-28T15:31:10.418+01:00  INFO 309232 --- [projet_Ntousse_tadiha_vanisco] [restartedMain] com.zaxxer.hikari.HikariDataSource       : HikariPool-1 - Start completed.
2025-11-28T15:31:10.428+01:00  WARN 309232 --- [projet_Ntousse_tadiha_vanisco] [restartedMain] org.hibernate.orm.deprecation            : HHH90000025: H2Dialect does not need to be specified explicitly using 'hibernate.dialect' (remove the property setting and it will be selected by default)
2025-11-28T15:31:11.080+01:00  WARN 309232 --- [projet_Ntousse_tadiha_vanisco] [restartedMain] JpaBaseConfiguration$JpaWebConfiguration : spring.jpa.open-in-view is enabled by default. Therefore, database queries may be performed during view rendering. Explicitly configure spring.jpa.open-in-view to disable this warning
2025-11-28T15:31:11.263+01:00  INFO 309232 --- [projet_Ntousse_tadiha_vanisco] [restartedMain] .p.ProjetNtousseTadihaVaniscoApplication : Started ProjetNtousseTadihaVaniscoApplication in 2.662 seconds (process running for 3.011)
2025-11-28T15:31:34.880+01:00  INFO 309232 --- [projet_Ntousse_tadiha_vanisco] [http-nio-8080-exec-1] o.a.c.c.C.[Tomcat].[localhost].[/]       : Initializing Spring DispatcherServlet 'dispatcherServlet'
2025-11-28T15:32:55.403+01:00  WARN 309232 --- [projet_Ntousse_tadiha_vanisco] [http-nio-8080-exec-5] .m.m.a.ExceptionHandlerExceptionResolver : Resolved [org.springframework.http.converter.HttpMessageNotWritableException: Could not write JSON: Document nesting depth (1001) exceeds the maximum allowed (1000, from `StreamWriteConstraints.getMaxNestingDepth()`)]
2025-11-28T15:36:28.492+01:00  WARN 309232 --- [projet_Ntousse_tadiha_vanisco] [Thread-5] o.s.b.f.support.DisposableBeanAdapter    : Invocation of destroy method failed on bean with name 'inMemoryDatabaseShutdownExecutor': org.h2.jdbc.JdbcSQLNonTransientConnectionException: Database is already closed (to disable automatic closing at VM shutdown, add ";DB_CLOSE_ON_EXIT=FALSE" to the db URL) [90121-232]
2025-11-28T15:36:28.493+01:00  INFO 309232 --- [projet_Ntousse_tadiha_vanisco] [Thread-5] com.zaxxer.hikari.HikariDataSource       : HikariPool-1 - Shutdown initiated...
2025-11-28T15:36:28.495+01:00  INFO 309232 --- [projet_Ntousse_tadiha_vanisco] [Thread-5] com.zaxxer.hikari.HikariDataSource       : HikariPool-1 - Shutdown completed.
2025-11-28T15:36:28.571+01:00  INFO 309232 --- [projet_Ntousse_tadiha_vanisco] [restartedMain] .p.ProjetNtousseTadihaVaniscoApplication : Starting ProjetNtousseTadihaVaniscoApplication using Java 23.0.2 with PID 309232 (/home/vanisco/IdeaProjects/projet_Ntousse_tadiha_vanisco/target/classes started by vanisco in /home/vanisco/IdeaProjects/projet_Ntousse_tadiha_vanisco)
2025-11-28T15:36:28.572+01:00  INFO 309232 --- [projet_Ntousse_tadiha_vanisco] [restartedMain] .p.ProjetNtousseTadihaVaniscoApplication : No active profile set, falling back to 1 default profile: "default"
2025-11-28T15:36:28.680+01:00  INFO 309232 --- [projet_Ntousse_tadiha_vanisco] [restartedMain] o.apache.catalina.core.StandardService   : Starting service [Tomcat]
2025-11-28T15:36:28.680+01:00  INFO 309232 --- [projet_Ntousse_tadiha_vanisco] [restartedMain] o.apache.catalina.core.StandardEngine    : Starting Servlet engine: [Apache Tomcat/10.1.49]
2025-11-28T15:36:28.684+01:00  INFO 309232 --- [projet_Ntousse_tadiha_vanisco] [restartedMain] o.a.c.c.C.[Tomcat].[localhost].[/]       : Initializing Spring embedded WebApplicationContext
2025-11-28T15:36:28.708+01:00  INFO 309232 --- [projet_Ntousse_tadiha_vanisco] [restartedMain] com.zaxxer.hikari.HikariDataSource       : HikariPool-2 - Starting...
2025-11-28T15:36:28.709+01:00  INFO 309232 --- [projet_Ntousse_tadiha_vanisco] [restartedMain] com.zaxxer.hikari.pool.HikariPool        : HikariPool-2 - Added connection conn10: url=jdbc:h2:mem:bankdb user=SA
2025-11-28T15:36:28.709+01:00  INFO 309232 --- [projet_Ntousse_tadiha_vanisco] [restartedMain] com.zaxxer.hikari.HikariDataSource       : HikariPool-2 - Start completed.
2025-11-28T15:36:28.710+01:00  WARN 309232 --- [projet_Ntousse_tadiha_vanisco] [restartedMain] org.hibernate.orm.deprecation            : HHH90000025: H2Dialect does not need to be specified explicitly using 'hibernate.dialect' (remove the property setting and it will be selected by default)
2025-11-28T15:36:28.823+01:00  WARN 309232 --- [projet_Ntousse_tadiha_vanisco] [restartedMain] JpaBaseConfiguration$JpaWebConfiguration : spring.jpa.open-in-view is enabled by default. Therefore, database queries may be performed during view rendering. Explicitly configure spring.jpa.open-in-view to disable this warning
2025-11-28T15:36:28.889+01:00  INFO 309232 --- [projet_Ntousse_tadiha_vanisco] [restartedMain] .p.ProjetNtousseTadihaVaniscoApplication : Started ProjetNtousseTadihaVaniscoApplication in 0.335 seconds (process running for 320.638)
2025-11-28T15:44:57.929+01:00  WARN 309232 --- [projet_Ntousse_tadiha_vanisco] [Thread-7] o.s.b.f.support.DisposableBeanAdapter    : Invocation of destroy method failed on bean with name 'inMemoryDatabaseShutdownExecutor': org.h2.jdbc.JdbcSQLNonTransientConnectionException: Database is already closed (to disable automatic closing at VM shutdown, add ";DB_CLOSE_ON_EXIT=FALSE" to the db URL) [90121-232]
2025-11-28T15:44:57.930+01:00  INFO 309232 --- [projet_Ntousse_tadiha_vanisco] [Thread-7] com.zaxxer.hikari.HikariDataSource       : HikariPool-2 - Shutdown initiated...
2025-11-28T15:44:57.931+01:00  INFO 309232 --- [projet_Ntousse_tadiha_vanisco] [Thread-7] com.zaxxer.hikari.HikariDataSource       : HikariPool-2 - Shutdown completed.
2025-11-28 15:45:32.553 [restartedMain] INFO  o.f.p.ProjetNtousseTadihaVaniscoApplication - Starting ProjetNtousseTadihaVaniscoApplication using Java 23.0.2 with PID 309232 (/home/vanisco/IdeaProjects/projet_Ntousse_tadiha_vanisco/target/classes started by vanisco in /home/vanisco/IdeaProjects/projet_Ntousse_tadiha_vanisco)
2025-11-28 15:45:32.553 [restartedMain] INFO  o.f.p.ProjetNtousseTadihaVaniscoApplication - No active profile set, falling back to 1 default profile: "default"
2025-11-28 15:45:32.682 [restartedMain] INFO  o.a.catalina.core.StandardService - Starting service [Tomcat]
2025-11-28 15:45:32.683 [restartedMain] INFO  o.a.catalina.core.StandardEngine - Starting Servlet engine: [Apache Tomcat/10.1.49]
2025-11-28 15:45:32.687 [restartedMain] INFO  o.a.c.c.C.[Tomcat].[localhost].[/] - Initializing Spring embedded WebApplicationContext
2025-11-28 15:45:32.717 [restartedMain] INFO  com.zaxxer.hikari.HikariDataSource - HikariPool-3 - Starting...
2025-11-28 15:45:32.718 [restartedMain] INFO  com.zaxxer.hikari.pool.HikariPool - HikariPool-3 - Added connection conn20: url=jdbc:h2:mem:bankdb user=SA
2025-11-28 15:45:32.718 [restartedMain] INFO  com.zaxxer.hikari.HikariDataSource - HikariPool-3 - Start completed.
2025-11-28 15:45:32.719 [restartedMain] WARN  org.hibernate.orm.deprecation - HHH90000025: H2Dialect does not need to be specified explicitly using 'hibernate.dialect' (remove the property setting and it will be selected by default)
2025-11-28 15:45:32.820 [restartedMain] WARN  o.s.b.a.o.j.JpaBaseConfiguration$JpaWebConfiguration - spring.jpa.open-in-view is enabled by default. Therefore, database queries may be performed during view rendering. Explicitly configure spring.jpa.open-in-view to disable this warning
2025-11-28 15:45:32.915 [restartedMain] INFO  o.f.p.ProjetNtousseTadihaVaniscoApplication - Started ProjetNtousseTadihaVaniscoApplication in 0.425 seconds (process running for 864.664)
2025-11-28 15:46:41.680 [SpringApplicationShutdownHook] WARN  o.s.b.f.s.DisposableBeanAdapter - Invocation of destroy method failed on bean with name 'inMemoryDatabaseShutdownExecutor': org.h2.jdbc.JdbcSQLNonTransientConnectionException: Database is already closed (to disable automatic closing at VM shutdown, add ";DB_CLOSE_ON_EXIT=FALSE" to the db URL) [90121-232]
2025-11-28 15:46:41.681 [SpringApplicationShutdownHook] INFO  com.zaxxer.hikari.HikariDataSource - HikariPool-3 - Shutdown initiated...
2025-11-28 15:46:41.681 [SpringApplicationShutdownHook] INFO  com.zaxxer.hikari.HikariDataSource - HikariPool-3 - Shutdown completed.
2025-11-28 15:46:43.160 [restartedMain] INFO  o.f.p.ProjetNtousseTadihaVaniscoApplication - Starting ProjetNtousseTadihaVaniscoApplication using Java 23.0.2 with PID 312827 (/home/vanisco/IdeaProjects/projet_Ntousse_tadiha_vanisco/target/classes started by vanisco in /home/vanisco/IdeaProjects/projet_Ntousse_tadiha_vanisco)
2025-11-28 15:46:43.161 [restartedMain] INFO  o.f.p.ProjetNtousseTadihaVaniscoApplication - No active profile set, falling back to 1 default profile: "default"
2025-11-28 15:46:43.728 [restartedMain] INFO  o.a.coyote.http11.Http11NioProtocol - Initializing ProtocolHandler ["http-nio-8080"]
2025-11-28 15:46:43.729 [restartedMain] INFO  o.a.catalina.core.StandardService - Starting service [Tomcat]
2025-11-28 15:46:43.729 [restartedMain] INFO  o.a.catalina.core.StandardEngine - Starting Servlet engine: [Apache Tomcat/10.1.49]
2025-11-28 15:46:43.743 [restartedMain] INFO  o.a.c.c.C.[Tomcat].[localhost].[/] - Initializing Spring embedded WebApplicationContext
2025-11-28 15:46:43.980 [restartedMain] INFO  com.zaxxer.hikari.HikariDataSource - HikariPool-1 - Starting...
2025-11-28 15:46:44.058 [restartedMain] INFO  com.zaxxer.hikari.pool.HikariPool - HikariPool-1 - Added connection conn0: url=jdbc:h2:mem:bankdb user=SA
2025-11-28 15:46:44.059 [restartedMain] INFO  com.zaxxer.hikari.HikariDataSource - HikariPool-1 - Start completed.
2025-11-28 15:46:44.069 [restartedMain] WARN  org.hibernate.orm.deprecation - HHH90000025: H2Dialect does not need to be specified explicitly using 'hibernate.dialect' (remove the property setting and it will be selected by default)
2025-11-28 15:46:44.725 [restartedMain] WARN  o.s.b.a.o.j.JpaBaseConfiguration$JpaWebConfiguration - spring.jpa.open-in-view is enabled by default. Therefore, database queries may be performed during view rendering. Explicitly configure spring.jpa.open-in-view to disable this warning
2025-11-28 15:46:44.903 [restartedMain] INFO  o.a.coyote.http11.Http11NioProtocol - Starting ProtocolHandler ["http-nio-8080"]
2025-11-28 15:46:44.914 [restartedMain] INFO  o.f.p.ProjetNtousseTadihaVaniscoApplication - Started ProjetNtousseTadihaVaniscoApplication in 2.128 seconds (process running for 2.468)
2025-11-28 15:46:59.388 [http-nio-8080-exec-2] INFO  o.a.c.c.C.[Tomcat].[localhost].[/] - Initializing Spring DispatcherServlet 'dispatcherServlet'
2025-11-28 15:59:44.558 [tomcat-shutdown] INFO  o.a.coyote.http11.Http11NioProtocol - Pausing ProtocolHandler ["http-nio-8080"]
2025-11-28 15:59:44.561 [Thread-5] INFO  o.a.coyote.http11.Http11NioProtocol - Stopping ProtocolHandler ["http-nio-8080"]
2025-11-28 15:59:44.576 [Thread-5] WARN  o.s.b.f.s.DisposableBeanAdapter - Invocation of destroy method failed on bean with name 'inMemoryDatabaseShutdownExecutor': org.h2.jdbc.JdbcSQLNonTransientConnectionException: Database is already closed (to disable automatic closing at VM shutdown, add ";DB_CLOSE_ON_EXIT=FALSE" to the db URL) [90121-232]
2025-11-28 15:59:44.577 [Thread-5] INFO  com.zaxxer.hikari.HikariDataSource - HikariPool-1 - Shutdown initiated...
2025-11-28 15:59:44.578 [Thread-5] INFO  com.zaxxer.hikari.HikariDataSource - HikariPool-1 - Shutdown completed.
2025-11-28 15:59:44.630 [restartedMain] INFO  o.f.p.ProjetNtousseTadihaVaniscoApplication - Starting ProjetNtousseTadihaVaniscoApplication using Java 23.0.2 with PID 312827 (/home/vanisco/IdeaProjects/projet_Ntousse_tadiha_vanisco/target/classes started by vanisco in /home/vanisco/IdeaProjects/projet_Ntousse_tadiha_vanisco)
2025-11-28 15:59:44.630 [restartedMain] INFO  o.f.p.ProjetNtousseTadihaVaniscoApplication - No active profile set, falling back to 1 default profile: "default"
2025-11-28 15:59:44.751 [restartedMain] INFO  o.a.coyote.http11.Http11NioProtocol - Initializing ProtocolHandler ["http-nio-8080"]
2025-11-28 15:59:44.751 [restartedMain] INFO  o.a.catalina.core.StandardService - Starting service [Tomcat]
2025-11-28 15:59:44.751 [restartedMain] INFO  o.a.catalina.core.StandardEngine - Starting Servlet engine: [Apache Tomcat/10.1.49]
2025-11-28 15:59:44.755 [restartedMain] INFO  o.a.c.c.C.[Tomcat].[localhost].[/] - Initializing Spring embedded WebApplicationContext
2025-11-28 15:59:44.781 [restartedMain] INFO  com.zaxxer.hikari.HikariDataSource - HikariPool-2 - Starting...
2025-11-28 15:59:44.783 [restartedMain] INFO  com.zaxxer.hikari.pool.HikariPool - HikariPool-2 - Added connection conn10: url=jdbc:h2:mem:bankdb user=SA
2025-11-28 15:59:44.783 [restartedMain] INFO  com.zaxxer.hikari.HikariDataSource - HikariPool-2 - Start completed.
2025-11-28 15:59:44.783 [restartedMain] WARN  org.hibernate.orm.deprecation - HHH90000025: H2Dialect does not need to be specified explicitly using 'hibernate.dialect' (remove the property setting and it will be selected by default)
2025-11-28 15:59:44.924 [restartedMain] WARN  o.s.b.a.o.j.JpaBaseConfiguration$JpaWebConfiguration - spring.jpa.open-in-view is enabled by default. Therefore, database queries may be performed during view rendering. Explicitly configure spring.jpa.open-in-view to disable this warning
2025-11-28 15:59:44.984 [restartedMain] INFO  o.a.coyote.http11.Http11NioProtocol - Starting ProtocolHandler ["http-nio-8080"]
2025-11-28 15:59:44.987 [restartedMain] INFO  o.f.p.ProjetNtousseTadihaVaniscoApplication - Started ProjetNtousseTadihaVaniscoApplication in 0.375 seconds (process running for 782.542)
2025-11-28 16:12:56.923 [SpringApplicationShutdownHook] WARN  o.s.b.f.s.DisposableBeanAdapter - Invocation of destroy method failed on bean with name 'inMemoryDatabaseShutdownExecutor': org.h2.jdbc.JdbcSQLNonTransientConnectionException: Database is already closed (to disable automatic closing at VM shutdown, add ";DB_CLOSE_ON_EXIT=FALSE" to the db URL) [90121-232]
2025-11-28 16:12:56.923 [SpringApplicationShutdownHook] INFO  com.zaxxer.hikari.HikariDataSource - HikariPool-2 - Shutdown initiated...
2025-11-28 16:12:56.924 [SpringApplicationShutdownHook] INFO  com.zaxxer.hikari.HikariDataSource - HikariPool-2 - Shutdown completed.
2025-11-28 16:12:58.617 [restartedMain] INFO  o.f.p.ProjetNtousseTadihaVaniscoApplication - Starting ProjetNtousseTadihaVaniscoApplication using Java 23.0.2 with PID 318233 (/home/vanisco/IdeaProjects/projet_Ntousse_tadiha_vanisco/target/classes started by vanisco in /home/vanisco/IdeaProjects/projet_Ntousse_tadiha_vanisco)
2025-11-28 16:12:58.618 [restartedMain] INFO  o.f.p.ProjetNtousseTadihaVaniscoApplication - No active profile set, falling back to 1 default profile: "default"
2025-11-28 16:12:59.206 [restartedMain] INFO  o.a.coyote.http11.Http11NioProtocol - Initializing ProtocolHandler ["http-nio-8080"]
2025-11-28 16:12:59.207 [restartedMain] INFO  o.a.catalina.core.StandardService - Starting service [Tomcat]
2025-11-28 16:12:59.207 [restartedMain] INFO  o.a.catalina.core.StandardEngine - Starting Servlet engine: [Apache Tomcat/10.1.49]
2025-11-28 16:12:59.222 [restartedMain] INFO  o.a.c.c.C.[Tomcat].[localhost].[/] - Initializing Spring embedded WebApplicationContext
2025-11-28 16:12:59.459 [restartedMain] INFO  com.zaxxer.hikari.HikariDataSource - HikariPool-1 - Starting...
2025-11-28 16:12:59.537 [restartedMain] INFO  com.zaxxer.hikari.pool.HikariPool - HikariPool-1 - Added connection conn0: url=jdbc:h2:mem:bankdb user=SA
2025-11-28 16:12:59.538 [restartedMain] INFO  com.zaxxer.hikari.HikariDataSource - HikariPool-1 - Start completed.
2025-11-28 16:12:59.549 [restartedMain] WARN  org.hibernate.orm.deprecation - HHH90000025: H2Dialect does not need to be specified explicitly using 'hibernate.dialect' (remove the property setting and it will be selected by default)
2025-11-28 16:13:00.222 [restartedMain] WARN  o.s.b.a.o.j.JpaBaseConfiguration$JpaWebConfiguration - spring.jpa.open-in-view is enabled by default. Therefore, database queries may be performed during view rendering. Explicitly configure spring.jpa.open-in-view to disable this warning
2025-11-28 16:13:00.394 [restartedMain] INFO  o.a.coyote.http11.Http11NioProtocol - Starting ProtocolHandler ["http-nio-8080"]
2025-11-28 16:13:00.404 [restartedMain] INFO  o.f.p.ProjetNtousseTadihaVaniscoApplication - Started ProjetNtousseTadihaVaniscoApplication in 2.049 seconds (process running for 2.726)
2025-11-28 16:13:09.813 [http-nio-8080-exec-1] INFO  o.a.c.c.C.[Tomcat].[localhost].[/] - Initializing Spring DispatcherServlet 'dispatcherServlet'
2025-11-28 16:33:53.900 [http-nio-8080-exec-4] WARN  o.s.w.s.m.m.a.ExceptionHandlerExceptionResolver - Resolved [org.springframework.http.converter.HttpMessageNotWritableException: Could not write JSON: Document nesting depth (1001) exceeds the maximum allowed (1000, from `StreamWriteConstraints.getMaxNestingDepth()`)]
2025-11-28 16:37:47.274 [http-nio-8080-exec-10] WARN  o.s.w.s.m.m.a.ExceptionHandlerExceptionResolver - Resolved [org.springframework.web.servlet.resource.NoResourceFoundException: No static resource api/clients.]
2025-11-28 16:37:58.301 [http-nio-8080-exec-1] WARN  o.s.w.s.m.m.a.ExceptionHandlerExceptionResolver - Resolved [org.springframework.http.converter.HttpMessageNotWritableException: Could not write JSON: Document nesting depth (1001) exceeds the maximum allowed (1000, from `StreamWriteConstraints.getMaxNestingDepth()`)]
2025-11-28 16:38:25.639 [http-nio-8080-exec-3] WARN  o.s.w.s.m.m.a.ExceptionHandlerExceptionResolver - Resolved [org.springframework.http.converter.HttpMessageNotWritableException: Could not write JSON: Document nesting depth (1001) exceeds the maximum allowed (1000, from `StreamWriteConstraints.getMaxNestingDepth()`)]
2025-11-28 16:39:37.525 [http-nio-8080-exec-6] WARN  o.s.w.s.m.m.a.ExceptionHandlerExceptionResolver - Resolved [org.springframework.web.servlet.resource.NoResourceFoundException: No static resource api/comptes/1/200.]
2025-11-28 16:39:48.035 [SpringApplicationShutdownHook] WARN  o.s.b.f.s.DisposableBeanAdapter - Invocation of destroy method failed on bean with name 'inMemoryDatabaseShutdownExecutor': org.h2.jdbc.JdbcSQLNonTransientConnectionException: Database is already closed (to disable automatic closing at VM shutdown, add ";DB_CLOSE_ON_EXIT=FALSE" to the db URL) [90121-232]
2025-11-28 16:39:48.036 [SpringApplicationShutdownHook] INFO  com.zaxxer.hikari.HikariDataSource - HikariPool-1 - Shutdown initiated...
2025-11-28 16:39:48.037 [SpringApplicationShutdownHook] INFO  com.zaxxer.hikari.HikariDataSource - HikariPool-1 - Shutdown completed.
2025-11-28 16:39:49.675 [restartedMain] INFO  o.f.p.ProjetNtousseTadihaVaniscoApplication - Starting ProjetNtousseTadihaVaniscoApplication using Java 23.0.2 with PID 324799 (/home/vanisco/IdeaProjects/projet_Ntousse_tadiha_vanisco/target/classes started by vanisco in /home/vanisco/IdeaProjects/projet_Ntousse_tadiha_vanisco)
2025-11-28 16:39:49.675 [restartedMain] INFO  o.f.p.ProjetNtousseTadihaVaniscoApplication - No active profile set, falling back to 1 default profile: "default"
2025-11-28 16:39:50.231 [restartedMain] INFO  o.a.coyote.http11.Http11NioProtocol - Initializing ProtocolHandler ["http-nio-8080"]
2025-11-28 16:39:50.232 [restartedMain] INFO  o.a.catalina.core.StandardService - Starting service [Tomcat]
2025-11-28 16:39:50.232 [restartedMain] INFO  o.a.catalina.core.StandardEngine - Starting Servlet engine: [Apache Tomcat/10.1.49]
2025-11-28 16:39:50.246 [restartedMain] INFO  o.a.c.c.C.[Tomcat].[localhost].[/] - Initializing Spring embedded WebApplicationContext
2025-11-28 16:39:50.504 [restartedMain] INFO  com.zaxxer.hikari.HikariDataSource - HikariPool-1 - Starting...
2025-11-28 16:39:50.578 [restartedMain] INFO  com.zaxxer.hikari.pool.HikariPool - HikariPool-1 - Added connection conn0: url=jdbc:h2:mem:bankdb user=SA
2025-11-28 16:39:50.579 [restartedMain] INFO  com.zaxxer.hikari.HikariDataSource - HikariPool-1 - Start completed.
2025-11-28 16:39:50.590 [restartedMain] WARN  org.hibernate.orm.deprecation - HHH90000025: H2Dialect does not need to be specified explicitly using 'hibernate.dialect' (remove the property setting and it will be selected by default)
2025-11-28 16:39:51.272 [restartedMain] WARN  o.s.b.a.o.j.JpaBaseConfiguration$JpaWebConfiguration - spring.jpa.open-in-view is enabled by default. Therefore, database queries may be performed during view rendering. Explicitly configure spring.jpa.open-in-view to disable this warning
2025-11-28 16:39:51.457 [restartedMain] INFO  o.a.coyote.http11.Http11NioProtocol - Starting ProtocolHandler ["http-nio-8080"]
2025-11-28 16:39:51.466 [restartedMain] INFO  o.f.p.ProjetNtousseTadihaVaniscoApplication - Started ProjetNtousseTadihaVaniscoApplication in 2.085 seconds (process running for 2.695)
2025-11-28 16:40:04.785 [http-nio-8080-exec-2] INFO  o.a.c.c.C.[Tomcat].[localhost].[/] - Initializing Spring DispatcherServlet 'dispatcherServlet'
2025-11-28 16:40:04.817 [http-nio-8080-exec-2] WARN  o.s.w.s.m.m.a.ExceptionHandlerExceptionResolver - Resolved [org.springframework.web.servlet.resource.NoResourceFoundException: No static resource api/comptes/1/200.]
